  [1m[36m (5.9ms)[0m  [1mCREATE TABLE "schema_migrations" ("version" varchar NOT NULL) [0m
  [1m[35m (0.0ms)[0m  select sqlite_version(*)
  [1m[36m (3.2ms)[0m  [1mCREATE UNIQUE INDEX "unique_schema_migrations" ON "schema_migrations" ("version")[0m
  [1m[35mActiveRecord::SchemaMigration Load (0.1ms)[0m  SELECT "schema_migrations".* FROM "schema_migrations"
Migrating to CreateUsers (20140427221221)
  [1m[36m (0.0ms)[0m  [1mbegin transaction[0m
DEPRECATION WARNING: `#timestamps` was called without specifying an option for `null`. In Rails 5, this behavior will change to `null: false`. You should manually specify `null: true` to prevent the behavior of your existing migrations from changing. (called from block in change at /mnt/c/Users/Carlos/Desktop/App Academy/Organized/aA-homeworks/W14D3/auth_video_demo/db/migrate/20140427221221_create_users.rb:8)
  [1m[35m (0.6ms)[0m  CREATE TABLE "users" ("id" INTEGER PRIMARY KEY AUTOINCREMENT NOT NULL, "username" varchar NOT NULL, "password" varchar NOT NULL, "created_at" datetime, "updated_at" datetime) 
  [1m[36mSQL (0.1ms)[0m  [1mINSERT INTO "schema_migrations" ("version") VALUES (?)[0m  [["version", "20140427221221"]]
  [1m[35m (3.1ms)[0m  commit transaction
Migrating to RemovePasswordsFromUsers (20140427232923)
  [1m[36m (0.0ms)[0m  [1mbegin transaction[0m
  [1m[35m (0.2ms)[0m  CREATE TEMPORARY TABLE "ausers" ("id" INTEGER PRIMARY KEY AUTOINCREMENT NOT NULL, "username" varchar NOT NULL, "password" varchar NOT NULL, "created_at" datetime, "updated_at" datetime) 
  [1m[36m (0.0ms)[0m  [1mSELECT * FROM "users"[0m
  [1m[35m (0.7ms)[0m  DROP TABLE "users"
  [1m[36m (0.1ms)[0m  [1mCREATE TABLE "users" ("id" INTEGER PRIMARY KEY AUTOINCREMENT NOT NULL, "username" varchar NOT NULL, "created_at" datetime, "updated_at" datetime) [0m
  [1m[35m (0.0ms)[0m  SELECT * FROM "ausers"
  [1m[36m (0.0ms)[0m  [1mDROP TABLE "ausers"[0m
  [1m[35m (0.1ms)[0m  ALTER TABLE "users" ADD "password_digest" varchar
  [1m[36m (0.1ms)[0m  [1mCREATE TEMPORARY TABLE "ausers" ("id" INTEGER PRIMARY KEY AUTOINCREMENT NOT NULL, "username" varchar NOT NULL, "created_at" datetime, "updated_at" datetime, "password_digest" varchar) [0m
  [1m[35m (0.0ms)[0m  SELECT * FROM "users"
  [1m[36m (0.1ms)[0m  [1mDROP TABLE "users"[0m
  [1m[35m (0.0ms)[0m  CREATE TABLE "users" ("id" INTEGER PRIMARY KEY AUTOINCREMENT NOT NULL, "username" varchar NOT NULL, "created_at" datetime, "updated_at" datetime, "password_digest" varchar NOT NULL) 
  [1m[36m (0.0ms)[0m  [1mSELECT * FROM "ausers"[0m
  [1m[35m (0.0ms)[0m  DROP TABLE "ausers"
  [1m[36mSQL (0.1ms)[0m  [1mINSERT INTO "schema_migrations" ("version") VALUES (?)[0m  [["version", "20140427232923"]]
  [1m[35m (3.3ms)[0m  commit transaction
Migrating to AddSessionTokenToUsers (20140428004020)
  [1m[36m (0.1ms)[0m  [1mbegin transaction[0m
  [1m[35m (0.7ms)[0m  ALTER TABLE "users" ADD "session_token" varchar
  [1m[36m (0.1ms)[0m  [1mCREATE TEMPORARY TABLE "ausers" ("id" INTEGER PRIMARY KEY AUTOINCREMENT NOT NULL, "username" varchar NOT NULL, "created_at" datetime, "updated_at" datetime, "password_digest" varchar NOT NULL, "session_token" varchar) [0m
  [1m[35m (0.0ms)[0m  SELECT * FROM "users"
  [1m[36m (0.1ms)[0m  [1mDROP TABLE "users"[0m
  [1m[35m (0.1ms)[0m  CREATE TABLE "users" ("id" INTEGER PRIMARY KEY AUTOINCREMENT NOT NULL, "username" varchar NOT NULL, "created_at" datetime, "updated_at" datetime, "password_digest" varchar NOT NULL, "session_token" varchar NOT NULL) 
  [1m[36m (0.0ms)[0m  [1mSELECT * FROM "ausers"[0m
  [1m[35m (0.1ms)[0m  DROP TABLE "ausers"
  [1m[36mSQL (0.1ms)[0m  [1mINSERT INTO "schema_migrations" ("version") VALUES (?)[0m  [["version", "20140428004020"]]
  [1m[35m (2.9ms)[0m  commit transaction
Migrating to AddCounterToUsers (20140428042342)
  [1m[36m (0.0ms)[0m  [1mbegin transaction[0m
  [1m[35m (0.6ms)[0m  ALTER TABLE "users" ADD "counter" integer DEFAULT 0
  [1m[36mSQL (0.1ms)[0m  [1mINSERT INTO "schema_migrations" ("version") VALUES (?)[0m  [["version", "20140428042342"]]
  [1m[35m (3.1ms)[0m  commit transaction
  [1m[36mActiveRecord::SchemaMigration Load (0.1ms)[0m  [1mSELECT "schema_migrations".* FROM "schema_migrations"[0m
  [1m[36m (0.0ms)[0m  [1mbegin transaction[0m
  [1m[35mSQL (0.7ms)[0m  INSERT INTO "users" ("username", "password_digest", "session_token", "created_at", "updated_at") VALUES (?, ?, ?, ?, ?)  [["username", "earl"], ["password_digest", "$2a$12$WoASb9tTqpe/qykSYkn7t.Y4TKwDLmjesEuR19cJFB9S4hxQnQSpW"], ["session_token", "sJJHji3L_VwZdBErjPZF-w"], ["created_at", "2019-08-28 08:12:23.904873"], ["updated_at", "2019-08-28 08:12:23.904873"]]
  [1m[36m (3.6ms)[0m  [1mcommit transaction[0m
  [1m[35mUser Load (0.2ms)[0m  SELECT  "users".* FROM "users"  ORDER BY "users"."id" ASC LIMIT 1
  [1m[36m (0.0ms)[0m  [1mbegin transaction[0m
  [1m[35mSQL (1.2ms)[0m  INSERT INTO "users" ("username", "password_digest", "session_token", "created_at", "updated_at") VALUES (?, ?, ?, ?, ?)  [["username", "Houdini"], ["password_digest", "$2a$12$nIRyXDrdGOY2DKtYa02X2.CQ4BnZnhoIfmQF7KREfGluEpW/wBlMa"], ["session_token", "2U0Uaug0wB2QM_N4-ZXXJA"], ["created_at", "2019-08-28 08:23:04.511655"], ["updated_at", "2019-08-28 08:23:04.511655"]]
  [1m[36m (3.8ms)[0m  [1mcommit transaction[0m
  [1m[35mUser Load (0.2ms)[0m  SELECT  "users".* FROM "users"  ORDER BY "users"."id" DESC LIMIT 1
  [1m[36mUser Load (0.1ms)[0m  [1mSELECT  "users".* FROM "users"  ORDER BY "users"."id" DESC LIMIT 1[0m
